<?xml version="1.0" encoding="UTF-8"?>
<testsuite name="com.zerrmat.stockexchange.stockexchange.exchange.ExchangeServiceTest" tests="4" skipped="0" failures="0" errors="0" timestamp="2020-09-10T16:28:42" hostname="JA-KOMPUTER" time="0.069">
  <properties/>
  <testcase name="shouldReturnAllExchanges()" classname="com.zerrmat.stockexchange.stockexchange.exchange.ExchangeServiceTest" time="0.061"/>
  <testcase name="shouldUpdateExchanges()" classname="com.zerrmat.stockexchange.stockexchange.exchange.ExchangeServiceTest" time="0.002"/>
  <testcase name="shouldReturnExchangeBySymbol()" classname="com.zerrmat.stockexchange.stockexchange.exchange.ExchangeServiceTest" time="0.002"/>
  <testcase name="shouldNotSaveNewExchangesWhenConversionExceptionIsThrown()" classname="com.zerrmat.stockexchange.stockexchange.exchange.ExchangeServiceTest" time="0.003"/>
  <system-out><![CDATA[]]></system-out>
  <system-err><![CDATA[]]></system-err>
</testsuite>
