<?xml version="1.0" encoding="UTF-8"?>
<testsuite name="com.zerrmat.stockexchange.stockexchange.rest.ExternalStocksControllerTest" tests="2" skipped="0" failures="0" errors="0" timestamp="2020-09-10T16:28:42" hostname="JA-KOMPUTER" time="0.127">
  <properties/>
  <testcase name="shouldConsumeResponse()" classname="com.zerrmat.stockexchange.stockexchange.rest.ExternalStocksControllerTest" time="0.049"/>
  <testcase name="shouldConsumeMultipartResponse()" classname="com.zerrmat.stockexchange.stockexchange.rest.ExternalStocksControllerTest" time="0.078"/>
  <system-out><![CDATA[]]></system-out>
  <system-err><![CDATA[]]></system-err>
</testsuite>
