<?xml version="1.0" encoding="UTF-8"?>
<testsuite name="com.zerrmat.stockexchange.stockexchange.exchangetostock.ExchangeToStockServiceTest" tests="1" skipped="0" failures="0" errors="0" timestamp="2020-09-10T16:28:42" hostname="JA-KOMPUTER" time="0.046">
  <properties/>
  <testcase name="shouldGetStocksForGivenExchangeCode()" classname="com.zerrmat.stockexchange.stockexchange.exchangetostock.ExchangeToStockServiceTest" time="0.046"/>
  <system-out><![CDATA[]]></system-out>
  <system-err><![CDATA[]]></system-err>
</testsuite>
