<?xml version="1.0" encoding="UTF-8"?>
<testsuite name="com.zerrmat.stockexchange.stockexchange.cachecontrol.CacheControlServiceTest" tests="2" skipped="0" failures="0" errors="0" timestamp="2020-09-10T16:28:41" hostname="JA-KOMPUTER" time="0.531">
  <properties/>
  <testcase name="shouldReturnCacheForGivenEndpoint()" classname="com.zerrmat.stockexchange.stockexchange.cachecontrol.CacheControlServiceTest" time="0.528"/>
  <testcase name="shouldUpdateOneEntity()" classname="com.zerrmat.stockexchange.stockexchange.cachecontrol.CacheControlServiceTest" time="0.002"/>
  <system-out><![CDATA[]]></system-out>
  <system-err><![CDATA[]]></system-err>
</testsuite>
