<?xml version="1.0" encoding="UTF-8"?>
<testsuite name="com.zerrmat.stockexchange.stockexchange.stock.marketstack.StockMarketStackReponseWrapperTest" tests="1" skipped="0" failures="0" errors="0" timestamp="2020-09-10T16:28:42" hostname="JA-KOMPUTER" time="0.002">
  <properties/>
  <testcase name="shouldExtractData()" classname="com.zerrmat.stockexchange.stockexchange.stock.marketstack.StockMarketStackReponseWrapperTest" time="0.002"/>
  <system-out><![CDATA[[FJD, MXN, STD, SCR, LVL, CDF, BBD, UGX, HNL, MXV, ZAR, STN, CUC, BSD, SDD, SDG, IQD, CUP, GMD, TWD, RSD, UYI, MYR, FKP, XOF, UYU, CVE, OMR, SEK, KES, BTN, GNF, MZN, MZM, SVC, ARS, QAR, NLG, IRR, XPD, THB, UZS, XPF, BDT, LYD, KWD, XPT, RUB, ISK, BEF, MKD, RUR, DZD, PAB, SGD, KGS, XAF, XAG, ATS, CHF, HRK, ITL, DJF, CHE, TZS, ADP, XAU, VND, AUD, CHW, KHR, XBA, IDR, KYD, XBC, XBB, SHP, BWP, CYP, XBD, TJS, RWF, AED, DKK, BGL, ZWD, BGN, MMK, SYP, NOK, ZWL, ZWN, YUM, LKR, ZWR, CZK, IEP, GRD, XCD, HTG, XSU, AFA, SIT, BHD, PTE, SZL, KZT, YER, AFN, BYB, AWG, NPR, MNT, GBP, BYN, XTS, HUF, BYR, BIF, XUA, XDR, BZD, MOP, NAD, SKK, TMM, PEN, WST, TMT, FRF, CLF, GTQ, CLP, TND, SLL, AYM, XFO, DOP, KMF, XFU, GEL, MAD, AZM, TOP, PGK, AZN, UAH, ERN, TPE, MRO, CNY, MRU, BMD, PHP, XXX, PYG, JMD, GWP, ESP, COP, USD, COU, USN, ETB, VEB, USS, SOS, VEF, VUV, LAK, ZMK, BND, LRD, ALL, GHC, MTL, ZMW, VES, TRL, ILS, GHS, GYD, KPW, BOB, MDL, AMD, TRY, LBP, JOD, HKD, EUR, LSL, CAD, BOV, EEK, MUR, ROL, GIP, RON, NGN, CRC, PKR, ANG, SRD, SAR, TTD, LTL, MVR, SRG, INR, KRW, JPY, PLN, AOA, SBD, CSD, LUF, MWK, MGA, FIM, MGF, DEM, BAM, EGP, SSP, NIO, NZD, BRL]
]]></system-out>
  <system-err><![CDATA[]]></system-err>
</testsuite>
