<?xml version="1.0" encoding="UTF-8"?>
<testsuite name="com.zerrmat.stockexchange.stockexchange.cachecontrol.CacheControlConverterTest" tests="2" skipped="0" failures="0" errors="0" timestamp="2020-09-10T16:28:41" hostname="JA-KOMPUTER" time="0.065">
  <properties/>
  <testcase name="shouldConvertFromModelToDto()" classname="com.zerrmat.stockexchange.stockexchange.cachecontrol.CacheControlConverterTest" time="0.063"/>
  <testcase name="shouldConvertFromDtoToModel()" classname="com.zerrmat.stockexchange.stockexchange.cachecontrol.CacheControlConverterTest" time="0.001"/>
  <system-out><![CDATA[]]></system-out>
  <system-err><![CDATA[]]></system-err>
</testsuite>
