<?xml version="1.0" encoding="UTF-8"?>
<testsuite name="com.zerrmat.stockexchange.stockexchange.stock.StockConverterTest" tests="2" skipped="0" failures="0" errors="0" timestamp="2020-09-10T14:59:31" hostname="JA-KOMPUTER" time="0.001">
  <properties/>
  <testcase name="shouldConvertDtoToModel()" classname="com.zerrmat.stockexchange.stockexchange.stock.StockConverterTest" time="0.0"/>
  <testcase name="shouldConvertModelToDto()" classname="com.zerrmat.stockexchange.stockexchange.stock.StockConverterTest" time="0.0"/>
  <system-out><![CDATA[]]></system-out>
  <system-err><![CDATA[]]></system-err>
</testsuite>
